{"/home/lmd/HelsinkiUni/Notes_backend/client/src/App.jsx": {"path":"/home/lmd/HelsinkiUni/Notes_backend/client/src/App.jsx","statementMap":{"0":{"start":{"line":13,"column":28},"end":{"line":13,"column":40}},"1":{"start":{"line":14,"column":32},"end":{"line":14,"column":46}},"2":{"start":{"line":15,"column":42},"end":{"line":15,"column":56}},"3":{"start":{"line":16,"column":26},"end":{"line":16,"column":40}},"4":{"start":{"line":18,"column":22},"end":{"line":18,"column":30}},"5":{"start":{"line":19,"column":23},"end":{"line":19,"column":31}},"6":{"start":{"line":21,"column":2},"end":{"line":35,"column":9}},"7":{"start":{"line":22,"column":23},"end":{"line":33,"column":5}},"8":{"start":{"line":23,"column":6},"end":{"line":32,"column":7}},"9":{"start":{"line":24,"column":29},"end":{"line":24,"column":55}},"10":{"start":{"line":25,"column":8},"end":{"line":25,"column":31}},"11":{"start":{"line":27,"column":8},"end":{"line":27,"column":29}},"12":{"start":{"line":28,"column":8},"end":{"line":28,"column":63}},"13":{"start":{"line":29,"column":8},"end":{"line":31,"column":17}},"14":{"start":{"line":30,"column":10},"end":{"line":30,"column":32}},"15":{"start":{"line":34,"column":4},"end":{"line":34,"column":17}},"16":{"start":{"line":37,"column":2},"end":{"line":44,"column":9}},"17":{"start":{"line":38,"column":27},"end":{"line":38,"column":75}},"18":{"start":{"line":39,"column":4},"end":{"line":43,"column":5}},"19":{"start":{"line":40,"column":19},"end":{"line":40,"column":45}},"20":{"start":{"line":41,"column":6},"end":{"line":41,"column":20}},"21":{"start":{"line":42,"column":6},"end":{"line":42,"column":39}},"22":{"start":{"line":46,"column":29},"end":{"line":65,"column":3}},"23":{"start":{"line":47,"column":25},"end":{"line":47,"column":57}},"24":{"start":{"line":47,"column":44},"end":{"line":47,"column":56}},"25":{"start":{"line":48,"column":24},"end":{"line":48,"column":79}},"26":{"start":{"line":49,"column":4},"end":{"line":64,"column":5}},"27":{"start":{"line":50,"column":23},"end":{"line":50,"column":64}},"28":{"start":{"line":52,"column":27},"end":{"line":52,"column":47}},"29":{"start":{"line":53,"column":6},"end":{"line":57,"column":8}},"30":{"start":{"line":54,"column":8},"end":{"line":56,"column":9}},"31":{"start":{"line":55,"column":10},"end":{"line":55,"column":59}},"32":{"start":{"line":59,"column":6},"end":{"line":59,"column":27}},"33":{"start":{"line":60,"column":6},"end":{"line":60,"column":61}},"34":{"start":{"line":61,"column":6},"end":{"line":63,"column":15}},"35":{"start":{"line":62,"column":8},"end":{"line":62,"column":30}},"36":{"start":{"line":67,"column":23},"end":{"line":71,"column":3}},"37":{"start":{"line":68,"column":4},"end":{"line":68,"column":56}},"38":{"start":{"line":69,"column":4},"end":{"line":69,"column":31}},"39":{"start":{"line":70,"column":4},"end":{"line":70,"column":18}},"40":{"start":{"line":73,"column":22},"end":{"line":75,"column":53}},"41":{"start":{"line":75,"column":29},"end":{"line":75,"column":52}},"42":{"start":{"line":77,"column":2},"end":{"line":119,"column":4}},"43":{"start":{"line":96,"column":26},"end":{"line":96,"column":46}}},"fnMap":{"0":{"name":"App","decl":{"start":{"line":12,"column":9},"end":{"line":12,"column":12}},"loc":{"start":{"line":12,"column":15},"end":{"line":120,"column":1}},"line":12},"1":{"name":"(anonymous_1)","decl":{"start":{"line":21,"column":12},"end":{"line":21,"column":13}},"loc":{"start":{"line":21,"column":18},"end":{"line":35,"column":3}},"line":21},"2":{"name":"(anonymous_2)","decl":{"start":{"line":22,"column":23},"end":{"line":22,"column":24}},"loc":{"start":{"line":22,"column":35},"end":{"line":33,"column":5}},"line":22},"3":{"name":"(anonymous_3)","decl":{"start":{"line":29,"column":19},"end":{"line":29,"column":20}},"loc":{"start":{"line":29,"column":25},"end":{"line":31,"column":9}},"line":29},"4":{"name":"(anonymous_4)","decl":{"start":{"line":37,"column":12},"end":{"line":37,"column":13}},"loc":{"start":{"line":37,"column":18},"end":{"line":44,"column":3}},"line":37},"5":{"name":"(anonymous_5)","decl":{"start":{"line":46,"column":29},"end":{"line":46,"column":30}},"loc":{"start":{"line":46,"column":43},"end":{"line":65,"column":3}},"line":46},"6":{"name":"(anonymous_6)","decl":{"start":{"line":47,"column":36},"end":{"line":47,"column":37}},"loc":{"start":{"line":47,"column":44},"end":{"line":47,"column":56}},"line":47},"7":{"name":"(anonymous_7)","decl":{"start":{"line":53,"column":15},"end":{"line":53,"column":16}},"loc":{"start":{"line":54,"column":8},"end":{"line":56,"column":9}},"line":54},"8":{"name":"(anonymous_8)","decl":{"start":{"line":54,"column":22},"end":{"line":54,"column":23}},"loc":{"start":{"line":55,"column":10},"end":{"line":55,"column":59}},"line":55},"9":{"name":"(anonymous_9)","decl":{"start":{"line":61,"column":17},"end":{"line":61,"column":18}},"loc":{"start":{"line":61,"column":23},"end":{"line":63,"column":7}},"line":61},"10":{"name":"(anonymous_10)","decl":{"start":{"line":67,"column":23},"end":{"line":67,"column":24}},"loc":{"start":{"line":67,"column":29},"end":{"line":71,"column":3}},"line":67},"11":{"name":"(anonymous_11)","decl":{"start":{"line":75,"column":19},"end":{"line":75,"column":20}},"loc":{"start":{"line":75,"column":29},"end":{"line":75,"column":52}},"line":75},"12":{"name":"(anonymous_12)","decl":{"start":{"line":96,"column":20},"end":{"line":96,"column":21}},"loc":{"start":{"line":96,"column":26},"end":{"line":96,"column":46}},"line":96}},"branchMap":{"0":{"loc":{"start":{"line":39,"column":4},"end":{"line":43,"column":5}},"type":"if","locations":[{"start":{"line":39,"column":4},"end":{"line":43,"column":5}},{"start":{},"end":{}}],"line":39},"1":{"loc":{"start":{"line":55,"column":10},"end":{"line":55,"column":59}},"type":"cond-expr","locations":[{"start":{"line":55,"column":40},"end":{"line":55,"column":44}},{"start":{"line":55,"column":47},"end":{"line":55,"column":59}}],"line":55},"2":{"loc":{"start":{"line":73,"column":22},"end":{"line":75,"column":53}},"type":"cond-expr","locations":[{"start":{"line":74,"column":6},"end":{"line":74,"column":11}},{"start":{"line":75,"column":6},"end":{"line":75,"column":53}}],"line":73}},"s":{"0":0,"1":0,"2":0,"3":0,"4":0,"5":0,"6":0,"7":0,"8":0,"9":0,"10":0,"11":0,"12":0,"13":0,"14":0,"15":0,"16":0,"17":0,"18":0,"19":0,"20":0,"21":0,"22":0,"23":0,"24":0,"25":0,"26":0,"27":0,"28":0,"29":0,"30":0,"31":0,"32":0,"33":0,"34":0,"35":0,"36":0,"37":0,"38":0,"39":0,"40":0,"41":0,"42":0,"43":0},"f":{"0":0,"1":0,"2":0,"3":0,"4":0,"5":0,"6":0,"7":0,"8":0,"9":0,"10":0,"11":0,"12":0},"b":{"0":[0,0],"1":[0,0],"2":[0,0]}}
,"/home/lmd/HelsinkiUni/Notes_backend/client/src/App_v1.jsx": {"path":"/home/lmd/HelsinkiUni/Notes_backend/client/src/App_v1.jsx","statementMap":{"0":{"start":{"line":12,"column":28},"end":{"line":12,"column":40}},"1":{"start":{"line":13,"column":32},"end":{"line":13,"column":46}},"2":{"start":{"line":14,"column":42},"end":{"line":14,"column":56}},"3":{"start":{"line":15,"column":34},"end":{"line":15,"column":46}},"4":{"start":{"line":16,"column":34},"end":{"line":16,"column":46}},"5":{"start":{"line":17,"column":26},"end":{"line":17,"column":40}},"6":{"start":{"line":19,"column":22},"end":{"line":19,"column":30}},"7":{"start":{"line":21,"column":2},"end":{"line":35,"column":9}},"8":{"start":{"line":22,"column":23},"end":{"line":33,"column":5}},"9":{"start":{"line":23,"column":6},"end":{"line":32,"column":7}},"10":{"start":{"line":24,"column":29},"end":{"line":24,"column":55}},"11":{"start":{"line":25,"column":8},"end":{"line":25,"column":31}},"12":{"start":{"line":27,"column":8},"end":{"line":27,"column":29}},"13":{"start":{"line":28,"column":8},"end":{"line":28,"column":63}},"14":{"start":{"line":29,"column":8},"end":{"line":31,"column":17}},"15":{"start":{"line":30,"column":10},"end":{"line":30,"column":32}},"16":{"start":{"line":34,"column":4},"end":{"line":34,"column":17}},"17":{"start":{"line":37,"column":2},"end":{"line":44,"column":9}},"18":{"start":{"line":38,"column":27},"end":{"line":38,"column":75}},"19":{"start":{"line":39,"column":4},"end":{"line":43,"column":5}},"20":{"start":{"line":40,"column":19},"end":{"line":40,"column":45}},"21":{"start":{"line":41,"column":6},"end":{"line":41,"column":20}},"22":{"start":{"line":42,"column":6},"end":{"line":42,"column":39}},"23":{"start":{"line":46,"column":22},"end":{"line":63,"column":3}},"24":{"start":{"line":47,"column":4},"end":{"line":47,"column":23}},"25":{"start":{"line":48,"column":4},"end":{"line":62,"column":5}},"26":{"start":{"line":49,"column":19},"end":{"line":49,"column":67}},"27":{"start":{"line":51,"column":6},"end":{"line":51,"column":77}},"28":{"start":{"line":53,"column":6},"end":{"line":53,"column":39}},"29":{"start":{"line":54,"column":6},"end":{"line":54,"column":20}},"30":{"start":{"line":55,"column":6},"end":{"line":55,"column":22}},"31":{"start":{"line":56,"column":6},"end":{"line":56,"column":22}},"32":{"start":{"line":58,"column":6},"end":{"line":58,"column":43}},"33":{"start":{"line":59,"column":6},"end":{"line":61,"column":15}},"34":{"start":{"line":60,"column":8},"end":{"line":60,"column":30}},"35":{"start":{"line":65,"column":29},"end":{"line":84,"column":3}},"36":{"start":{"line":66,"column":25},"end":{"line":66,"column":57}},"37":{"start":{"line":66,"column":44},"end":{"line":66,"column":56}},"38":{"start":{"line":67,"column":24},"end":{"line":67,"column":79}},"39":{"start":{"line":68,"column":4},"end":{"line":83,"column":5}},"40":{"start":{"line":69,"column":23},"end":{"line":69,"column":64}},"41":{"start":{"line":71,"column":27},"end":{"line":71,"column":47}},"42":{"start":{"line":72,"column":6},"end":{"line":76,"column":8}},"43":{"start":{"line":73,"column":8},"end":{"line":75,"column":9}},"44":{"start":{"line":74,"column":10},"end":{"line":74,"column":59}},"45":{"start":{"line":78,"column":6},"end":{"line":78,"column":27}},"46":{"start":{"line":79,"column":6},"end":{"line":79,"column":61}},"47":{"start":{"line":80,"column":6},"end":{"line":82,"column":15}},"48":{"start":{"line":81,"column":8},"end":{"line":81,"column":30}},"49":{"start":{"line":86,"column":23},"end":{"line":90,"column":3}},"50":{"start":{"line":87,"column":4},"end":{"line":87,"column":56}},"51":{"start":{"line":88,"column":4},"end":{"line":88,"column":31}},"52":{"start":{"line":89,"column":4},"end":{"line":89,"column":18}},"53":{"start":{"line":92,"column":22},"end":{"line":94,"column":53}},"54":{"start":{"line":94,"column":29},"end":{"line":94,"column":52}},"55":{"start":{"line":96,"column":2},"end":{"line":143,"column":4}},"56":{"start":{"line":111,"column":48},"end":{"line":111,"column":73}},"57":{"start":{"line":113,"column":48},"end":{"line":113,"column":73}},"58":{"start":{"line":118,"column":53},"end":{"line":118,"column":78}},"59":{"start":{"line":118,"column":73},"end":{"line":118,"column":77}},"60":{"start":{"line":132,"column":14},"end":{"line":136,"column":16}},"61":{"start":{"line":134,"column":40},"end":{"line":134,"column":67}}},"fnMap":{"0":{"name":"App","decl":{"start":{"line":11,"column":9},"end":{"line":11,"column":12}},"loc":{"start":{"line":11,"column":15},"end":{"line":144,"column":1}},"line":11},"1":{"name":"(anonymous_1)","decl":{"start":{"line":21,"column":12},"end":{"line":21,"column":13}},"loc":{"start":{"line":21,"column":18},"end":{"line":35,"column":3}},"line":21},"2":{"name":"(anonymous_2)","decl":{"start":{"line":22,"column":23},"end":{"line":22,"column":24}},"loc":{"start":{"line":22,"column":35},"end":{"line":33,"column":5}},"line":22},"3":{"name":"(anonymous_3)","decl":{"start":{"line":29,"column":19},"end":{"line":29,"column":20}},"loc":{"start":{"line":29,"column":25},"end":{"line":31,"column":9}},"line":29},"4":{"name":"(anonymous_4)","decl":{"start":{"line":37,"column":12},"end":{"line":37,"column":13}},"loc":{"start":{"line":37,"column":18},"end":{"line":44,"column":3}},"line":37},"5":{"name":"(anonymous_5)","decl":{"start":{"line":46,"column":22},"end":{"line":46,"column":23}},"loc":{"start":{"line":46,"column":35},"end":{"line":63,"column":3}},"line":46},"6":{"name":"(anonymous_6)","decl":{"start":{"line":59,"column":17},"end":{"line":59,"column":18}},"loc":{"start":{"line":59,"column":23},"end":{"line":61,"column":7}},"line":59},"7":{"name":"(anonymous_7)","decl":{"start":{"line":65,"column":29},"end":{"line":65,"column":30}},"loc":{"start":{"line":65,"column":43},"end":{"line":84,"column":3}},"line":65},"8":{"name":"(anonymous_8)","decl":{"start":{"line":66,"column":36},"end":{"line":66,"column":37}},"loc":{"start":{"line":66,"column":44},"end":{"line":66,"column":56}},"line":66},"9":{"name":"(anonymous_9)","decl":{"start":{"line":72,"column":15},"end":{"line":72,"column":16}},"loc":{"start":{"line":73,"column":8},"end":{"line":75,"column":9}},"line":73},"10":{"name":"(anonymous_10)","decl":{"start":{"line":73,"column":22},"end":{"line":73,"column":23}},"loc":{"start":{"line":74,"column":10},"end":{"line":74,"column":59}},"line":74},"11":{"name":"(anonymous_11)","decl":{"start":{"line":80,"column":17},"end":{"line":80,"column":18}},"loc":{"start":{"line":80,"column":23},"end":{"line":82,"column":7}},"line":80},"12":{"name":"(anonymous_12)","decl":{"start":{"line":86,"column":23},"end":{"line":86,"column":24}},"loc":{"start":{"line":86,"column":29},"end":{"line":90,"column":3}},"line":86},"13":{"name":"(anonymous_13)","decl":{"start":{"line":94,"column":19},"end":{"line":94,"column":20}},"loc":{"start":{"line":94,"column":29},"end":{"line":94,"column":52}},"line":94},"14":{"name":"(anonymous_14)","decl":{"start":{"line":111,"column":32},"end":{"line":111,"column":33}},"loc":{"start":{"line":111,"column":48},"end":{"line":111,"column":73}},"line":111},"15":{"name":"(anonymous_15)","decl":{"start":{"line":113,"column":32},"end":{"line":113,"column":33}},"loc":{"start":{"line":113,"column":48},"end":{"line":113,"column":73}},"line":113},"16":{"name":"(anonymous_16)","decl":{"start":{"line":118,"column":47},"end":{"line":118,"column":48}},"loc":{"start":{"line":118,"column":53},"end":{"line":118,"column":78}},"line":118},"17":{"name":"(anonymous_17)","decl":{"start":{"line":118,"column":64},"end":{"line":118,"column":65}},"loc":{"start":{"line":118,"column":73},"end":{"line":118,"column":77}},"line":118},"18":{"name":"(anonymous_18)","decl":{"start":{"line":131,"column":28},"end":{"line":131,"column":29}},"loc":{"start":{"line":132,"column":14},"end":{"line":136,"column":16}},"line":132},"19":{"name":"(anonymous_19)","decl":{"start":{"line":134,"column":34},"end":{"line":134,"column":35}},"loc":{"start":{"line":134,"column":40},"end":{"line":134,"column":67}},"line":134}},"branchMap":{"0":{"loc":{"start":{"line":39,"column":4},"end":{"line":43,"column":5}},"type":"if","locations":[{"start":{"line":39,"column":4},"end":{"line":43,"column":5}},{"start":{},"end":{}}],"line":39},"1":{"loc":{"start":{"line":74,"column":10},"end":{"line":74,"column":59}},"type":"cond-expr","locations":[{"start":{"line":74,"column":40},"end":{"line":74,"column":44}},{"start":{"line":74,"column":47},"end":{"line":74,"column":59}}],"line":74},"2":{"loc":{"start":{"line":92,"column":22},"end":{"line":94,"column":53}},"type":"cond-expr","locations":[{"start":{"line":93,"column":6},"end":{"line":93,"column":11}},{"start":{"line":94,"column":6},"end":{"line":94,"column":53}}],"line":92},"3":{"loc":{"start":{"line":99,"column":7},"end":{"line":104,"column":7}},"type":"binary-expr","locations":[{"start":{"line":99,"column":7},"end":{"line":99,"column":11}},{"start":{"line":100,"column":8},"end":{"line":103,"column":14}}],"line":99},"4":{"loc":{"start":{"line":119,"column":18},"end":{"line":119,"column":47}},"type":"cond-expr","locations":[{"start":{"line":119,"column":28},"end":{"line":119,"column":39}},{"start":{"line":119,"column":42},"end":{"line":119,"column":47}}],"line":119},"5":{"loc":{"start":{"line":130,"column":11},"end":{"line":137,"column":14}},"type":"binary-expr","locations":[{"start":{"line":130,"column":11},"end":{"line":130,"column":37}},{"start":{"line":131,"column":12},"end":{"line":137,"column":14}}],"line":130}},"s":{"0":0,"1":0,"2":0,"3":0,"4":0,"5":0,"6":0,"7":0,"8":0,"9":0,"10":0,"11":0,"12":0,"13":0,"14":0,"15":0,"16":0,"17":0,"18":0,"19":0,"20":0,"21":0,"22":0,"23":0,"24":0,"25":0,"26":0,"27":0,"28":0,"29":0,"30":0,"31":0,"32":0,"33":0,"34":0,"35":0,"36":0,"37":0,"38":0,"39":0,"40":0,"41":0,"42":0,"43":0,"44":0,"45":0,"46":0,"47":0,"48":0,"49":0,"50":0,"51":0,"52":0,"53":0,"54":0,"55":0,"56":0,"57":0,"58":0,"59":0,"60":0,"61":0},"f":{"0":0,"1":0,"2":0,"3":0,"4":0,"5":0,"6":0,"7":0,"8":0,"9":0,"10":0,"11":0,"12":0,"13":0,"14":0,"15":0,"16":0,"17":0,"18":0,"19":0},"b":{"0":[0,0],"1":[0,0],"2":[0,0],"3":[0,0],"4":[0,0],"5":[0,0]}}
,"/home/lmd/HelsinkiUni/Notes_backend/client/src/main.jsx": {"path":"/home/lmd/HelsinkiUni/Notes_backend/client/src/main.jsx","statementMap":{"0":{"start":{"line":45,"column":0},"end":{"line":49,"column":2}}},"fnMap":{},"branchMap":{},"s":{"0":0},"f":{},"b":{}}
,"/home/lmd/HelsinkiUni/Notes_backend/client/src/components/AddNoteForm.jsx": {"path":"/home/lmd/HelsinkiUni/Notes_backend/client/src/components/AddNoteForm.jsx","statementMap":{"0":{"start":{"line":5,"column":20},"end":{"line":56,"column":1}},"1":{"start":{"line":6,"column":32},"end":{"line":6,"column":44}},"2":{"start":{"line":8,"column":18},"end":{"line":33,"column":3}},"3":{"start":{"line":9,"column":4},"end":{"line":9,"column":23}},"4":{"start":{"line":11,"column":23},"end":{"line":14,"column":5}},"5":{"start":{"line":16,"column":4},"end":{"line":30,"column":5}},"6":{"start":{"line":17,"column":24},"end":{"line":17,"column":60}},"7":{"start":{"line":19,"column":6},"end":{"line":23,"column":7}},"8":{"start":{"line":20,"column":8},"end":{"line":20,"column":61}},"9":{"start":{"line":20,"column":32},"end":{"line":20,"column":59}},"10":{"start":{"line":22,"column":8},"end":{"line":22,"column":51}},"11":{"start":{"line":25,"column":6},"end":{"line":25,"column":27}},"12":{"start":{"line":26,"column":6},"end":{"line":26,"column":61}},"13":{"start":{"line":27,"column":6},"end":{"line":29,"column":15}},"14":{"start":{"line":28,"column":8},"end":{"line":28,"column":30}},"15":{"start":{"line":31,"column":4},"end":{"line":31,"column":19}},"16":{"start":{"line":32,"column":4},"end":{"line":32,"column":43}},"17":{"start":{"line":35,"column":2},"end":{"line":55,"column":4}},"18":{"start":{"line":45,"column":36},"end":{"line":45,"column":60}}},"fnMap":{"0":{"name":"(anonymous_0)","decl":{"start":{"line":5,"column":20},"end":{"line":5,"column":21}},"loc":{"start":{"line":5,"column":68},"end":{"line":56,"column":1}},"line":5},"1":{"name":"(anonymous_1)","decl":{"start":{"line":8,"column":18},"end":{"line":8,"column":19}},"loc":{"start":{"line":8,"column":31},"end":{"line":33,"column":3}},"line":8},"2":{"name":"(anonymous_2)","decl":{"start":{"line":20,"column":17},"end":{"line":20,"column":18}},"loc":{"start":{"line":20,"column":32},"end":{"line":20,"column":59}},"line":20},"3":{"name":"(anonymous_3)","decl":{"start":{"line":27,"column":17},"end":{"line":27,"column":18}},"loc":{"start":{"line":27,"column":23},"end":{"line":29,"column":7}},"line":27},"4":{"name":"(anonymous_4)","decl":{"start":{"line":45,"column":20},"end":{"line":45,"column":21}},"loc":{"start":{"line":45,"column":36},"end":{"line":45,"column":60}},"line":45}},"branchMap":{"0":{"loc":{"start":{"line":19,"column":6},"end":{"line":23,"column":7}},"type":"if","locations":[{"start":{"line":19,"column":6},"end":{"line":23,"column":7}},{"start":{"line":21,"column":13},"end":{"line":23,"column":7}}],"line":19},"1":{"loc":{"start":{"line":19,"column":10},"end":{"line":19,"column":40}},"type":"binary-expr","locations":[{"start":{"line":19,"column":10},"end":{"line":19,"column":19}},{"start":{"line":19,"column":23},"end":{"line":19,"column":40}}],"line":19}},"s":{"0":1,"1":20,"2":20,"3":1,"4":1,"5":1,"6":1,"7":1,"8":1,"9":0,"10":0,"11":0,"12":0,"13":0,"14":0,"15":1,"16":1,"17":20,"18":17},"f":{"0":20,"1":1,"2":0,"3":0,"4":17},"b":{"0":[1,0],"1":[1,1]},"_coverageSchema":"1a1c01bbd47fc00a2c39e90264f33305004495a9","hash":"22d6386ce8f5782dae7e182229b018ac5d9a4ca2"}
,"/home/lmd/HelsinkiUni/Notes_backend/client/src/components/Button.jsx": {"path":"/home/lmd/HelsinkiUni/Notes_backend/client/src/components/Button.jsx","statementMap":{"0":{"start":{"line":1,"column":15},"end":{"line":11,"column":1}},"1":{"start":{"line":2,"column":2},"end":{"line":10,"column":4}}},"fnMap":{"0":{"name":"(anonymous_0)","decl":{"start":{"line":1,"column":15},"end":{"line":1,"column":16}},"loc":{"start":{"line":1,"column":59},"end":{"line":11,"column":1}},"line":1}},"branchMap":{},"s":{"0":3,"1":35},"f":{"0":35},"b":{},"_coverageSchema":"1a1c01bbd47fc00a2c39e90264f33305004495a9","hash":"1d5fc33e1c189f64d7cfbed77ae06892cc5afeb7"}
,"/home/lmd/HelsinkiUni/Notes_backend/client/src/components/Footer.jsx": {"path":"/home/lmd/HelsinkiUni/Notes_backend/client/src/components/Footer.jsx","statementMap":{"0":{"start":{"line":3,"column":15},"end":{"line":39,"column":1}},"1":{"start":{"line":4,"column":2},"end":{"line":38,"column":4}}},"fnMap":{"0":{"name":"(anonymous_0)","decl":{"start":{"line":3,"column":15},"end":{"line":3,"column":16}},"loc":{"start":{"line":3,"column":21},"end":{"line":39,"column":1}},"line":3}},"branchMap":{},"s":{"0":0,"1":0},"f":{"0":0},"b":{}}
,"/home/lmd/HelsinkiUni/Notes_backend/client/src/components/LoginForm.jsx": {"path":"/home/lmd/HelsinkiUni/Notes_backend/client/src/components/LoginForm.jsx","statementMap":{"0":{"start":{"line":6,"column":18},"end":{"line":69,"column":1}},"1":{"start":{"line":7,"column":34},"end":{"line":7,"column":46}},"2":{"start":{"line":8,"column":34},"end":{"line":8,"column":46}},"3":{"start":{"line":10,"column":22},"end":{"line":28,"column":3}},"4":{"start":{"line":11,"column":4},"end":{"line":11,"column":23}},"5":{"start":{"line":12,"column":4},"end":{"line":21,"column":5}},"6":{"start":{"line":13,"column":19},"end":{"line":13,"column":67}},"7":{"start":{"line":15,"column":6},"end":{"line":15,"column":77}},"8":{"start":{"line":17,"column":6},"end":{"line":17,"column":39}},"9":{"start":{"line":18,"column":6},"end":{"line":18,"column":20}},"10":{"start":{"line":20,"column":6},"end":{"line":20,"column":43}},"11":{"start":{"line":22,"column":4},"end":{"line":24,"column":13}},"12":{"start":{"line":23,"column":6},"end":{"line":23,"column":28}},"13":{"start":{"line":25,"column":4},"end":{"line":25,"column":20}},"14":{"start":{"line":26,"column":4},"end":{"line":26,"column":20}},"15":{"start":{"line":27,"column":4},"end":{"line":27,"column":43}},"16":{"start":{"line":29,"column":2},"end":{"line":68,"column":4}},"17":{"start":{"line":47,"column":36},"end":{"line":47,"column":61}},"18":{"start":{"line":62,"column":36},"end":{"line":62,"column":61}}},"fnMap":{"0":{"name":"(anonymous_0)","decl":{"start":{"line":6,"column":18},"end":{"line":6,"column":19}},"loc":{"start":{"line":6,"column":65},"end":{"line":69,"column":1}},"line":6},"1":{"name":"(anonymous_1)","decl":{"start":{"line":10,"column":22},"end":{"line":10,"column":23}},"loc":{"start":{"line":10,"column":35},"end":{"line":28,"column":3}},"line":10},"2":{"name":"(anonymous_2)","decl":{"start":{"line":22,"column":15},"end":{"line":22,"column":16}},"loc":{"start":{"line":22,"column":21},"end":{"line":24,"column":5}},"line":22},"3":{"name":"(anonymous_3)","decl":{"start":{"line":47,"column":20},"end":{"line":47,"column":21}},"loc":{"start":{"line":47,"column":36},"end":{"line":47,"column":61}},"line":47},"4":{"name":"(anonymous_4)","decl":{"start":{"line":62,"column":20},"end":{"line":62,"column":21}},"loc":{"start":{"line":62,"column":36},"end":{"line":62,"column":61}},"line":62}},"branchMap":{},"s":{"0":0,"1":0,"2":0,"3":0,"4":0,"5":0,"6":0,"7":0,"8":0,"9":0,"10":0,"11":0,"12":0,"13":0,"14":0,"15":0,"16":0,"17":0,"18":0},"f":{"0":0,"1":0,"2":0,"3":0,"4":0},"b":{}}
,"/home/lmd/HelsinkiUni/Notes_backend/client/src/components/Modal.jsx": {"path":"/home/lmd/HelsinkiUni/Notes_backend/client/src/components/Modal.jsx","statementMap":{"0":{"start":{"line":5,"column":14},"end":{"line":40,"column":2}},"1":{"start":{"line":6,"column":36},"end":{"line":6,"column":51}},"2":{"start":{"line":8,"column":27},"end":{"line":10,"column":3}},"3":{"start":{"line":9,"column":4},"end":{"line":9,"column":29}},"4":{"start":{"line":12,"column":2},"end":{"line":16,"column":5}},"5":{"start":{"line":13,"column":4},"end":{"line":15,"column":6}},"6":{"start":{"line":17,"column":2},"end":{"line":39,"column":4}},"7":{"start":{"line":42,"column":0},"end":{"line":42,"column":32}}},"fnMap":{"0":{"name":"(anonymous_0)","decl":{"start":{"line":5,"column":25},"end":{"line":5,"column":26}},"loc":{"start":{"line":5,"column":62},"end":{"line":40,"column":1}},"line":5},"1":{"name":"(anonymous_1)","decl":{"start":{"line":8,"column":27},"end":{"line":8,"column":28}},"loc":{"start":{"line":8,"column":33},"end":{"line":10,"column":3}},"line":8},"2":{"name":"(anonymous_2)","decl":{"start":{"line":12,"column":28},"end":{"line":12,"column":29}},"loc":{"start":{"line":12,"column":34},"end":{"line":16,"column":3}},"line":12}},"branchMap":{"0":{"loc":{"start":{"line":25,"column":7},"end":{"line":37,"column":7}},"type":"binary-expr","locations":[{"start":{"line":25,"column":7},"end":{"line":25,"column":16}},{"start":{"line":26,"column":8},"end":{"line":36,"column":14}}],"line":25}},"s":{"0":0,"1":0,"2":0,"3":0,"4":0,"5":0,"6":0,"7":0},"f":{"0":0,"1":0,"2":0},"b":{"0":[0,0]}}
,"/home/lmd/HelsinkiUni/Notes_backend/client/src/components/Note.jsx": {"path":"/home/lmd/HelsinkiUni/Notes_backend/client/src/components/Note.jsx","statementMap":{"0":{"start":{"line":3,"column":13},"end":{"line":19,"column":1}},"1":{"start":{"line":4,"column":2},"end":{"line":18,"column":4}}},"fnMap":{"0":{"name":"(anonymous_0)","decl":{"start":{"line":3,"column":13},"end":{"line":3,"column":14}},"loc":{"start":{"line":3,"column":59},"end":{"line":19,"column":1}},"line":3}},"branchMap":{"0":{"loc":{"start":{"line":9,"column":10},"end":{"line":11,"column":43}},"type":"cond-expr","locations":[{"start":{"line":10,"column":14},"end":{"line":10,"column":47}},{"start":{"line":11,"column":14},"end":{"line":11,"column":43}}],"line":9},"1":{"loc":{"start":{"line":15,"column":9},"end":{"line":15,"column":60}},"type":"cond-expr","locations":[{"start":{"line":15,"column":21},"end":{"line":15,"column":41}},{"start":{"line":15,"column":44},"end":{"line":15,"column":60}}],"line":15}},"s":{"0":1,"1":1},"f":{"0":1},"b":{"0":[1,0],"1":[1,0]},"_coverageSchema":"1a1c01bbd47fc00a2c39e90264f33305004495a9","hash":"a46706f16bd2f72125d6dd8251bbbac137c60be7"}
,"/home/lmd/HelsinkiUni/Notes_backend/client/src/components/NoteList.jsx": {"path":"/home/lmd/HelsinkiUni/Notes_backend/client/src/components/NoteList.jsx","statementMap":{"0":{"start":{"line":3,"column":17},"end":{"line":16,"column":1}},"1":{"start":{"line":4,"column":2},"end":{"line":15,"column":4}},"2":{"start":{"line":8,"column":10},"end":{"line":12,"column":12}},"3":{"start":{"line":10,"column":36},"end":{"line":10,"column":63}}},"fnMap":{"0":{"name":"(anonymous_0)","decl":{"start":{"line":3,"column":17},"end":{"line":3,"column":18}},"loc":{"start":{"line":3,"column":52},"end":{"line":16,"column":1}},"line":3},"1":{"name":"(anonymous_1)","decl":{"start":{"line":7,"column":18},"end":{"line":7,"column":19}},"loc":{"start":{"line":8,"column":10},"end":{"line":12,"column":12}},"line":8},"2":{"name":"(anonymous_2)","decl":{"start":{"line":10,"column":30},"end":{"line":10,"column":31}},"loc":{"start":{"line":10,"column":36},"end":{"line":10,"column":63}},"line":10}},"branchMap":{"0":{"loc":{"start":{"line":6,"column":7},"end":{"line":13,"column":10}},"type":"binary-expr","locations":[{"start":{"line":6,"column":7},"end":{"line":6,"column":27}},{"start":{"line":7,"column":8},"end":{"line":13,"column":10}}],"line":6}},"s":{"0":0,"1":0,"2":0,"3":0},"f":{"0":0,"1":0,"2":0},"b":{"0":[0,0]}}
,"/home/lmd/HelsinkiUni/Notes_backend/client/src/components/Notification.jsx": {"path":"/home/lmd/HelsinkiUni/Notes_backend/client/src/components/Notification.jsx","statementMap":{"0":{"start":{"line":1,"column":21},"end":{"line":8,"column":1}},"1":{"start":{"line":2,"column":2},"end":{"line":2,"column":36}},"2":{"start":{"line":2,"column":24},"end":{"line":2,"column":36}},"3":{"start":{"line":3,"column":2},"end":{"line":7,"column":4}}},"fnMap":{"0":{"name":"(anonymous_0)","decl":{"start":{"line":1,"column":21},"end":{"line":1,"column":22}},"loc":{"start":{"line":1,"column":38},"end":{"line":8,"column":1}},"line":1}},"branchMap":{"0":{"loc":{"start":{"line":2,"column":2},"end":{"line":2,"column":36}},"type":"if","locations":[{"start":{"line":2,"column":2},"end":{"line":2,"column":36}},{"start":{},"end":{}}],"line":2}},"s":{"0":0,"1":0,"2":0,"3":0},"f":{"0":0},"b":{"0":[0,0]}}
,"/home/lmd/HelsinkiUni/Notes_backend/client/src/components/Togglable.jsx": {"path":"/home/lmd/HelsinkiUni/Notes_backend/client/src/components/Togglable.jsx","statementMap":{"0":{"start":{"line":4,"column":18},"end":{"line":28,"column":2}},"1":{"start":{"line":5,"column":32},"end":{"line":5,"column":47}},"2":{"start":{"line":7,"column":27},"end":{"line":9,"column":3}},"3":{"start":{"line":8,"column":4},"end":{"line":8,"column":25}},"4":{"start":{"line":11,"column":2},"end":{"line":15,"column":5}},"5":{"start":{"line":12,"column":4},"end":{"line":14,"column":6}},"6":{"start":{"line":17,"column":2},"end":{"line":27,"column":4}},"7":{"start":{"line":30,"column":0},"end":{"line":30,"column":36}}},"fnMap":{"0":{"name":"(anonymous_0)","decl":{"start":{"line":4,"column":29},"end":{"line":4,"column":30}},"loc":{"start":{"line":4,"column":46},"end":{"line":28,"column":1}},"line":4},"1":{"name":"(anonymous_1)","decl":{"start":{"line":7,"column":27},"end":{"line":7,"column":28}},"loc":{"start":{"line":7,"column":33},"end":{"line":9,"column":3}},"line":7},"2":{"name":"(anonymous_2)","decl":{"start":{"line":11,"column":28},"end":{"line":11,"column":29}},"loc":{"start":{"line":11,"column":34},"end":{"line":15,"column":3}},"line":11}},"branchMap":{"0":{"loc":{"start":{"line":19,"column":25},"end":{"line":19,"column":53}},"type":"cond-expr","locations":[{"start":{"line":19,"column":35},"end":{"line":19,"column":43}},{"start":{"line":19,"column":46},"end":{"line":19,"column":53}}],"line":19},"1":{"loc":{"start":{"line":22,"column":25},"end":{"line":22,"column":53}},"type":"cond-expr","locations":[{"start":{"line":22,"column":35},"end":{"line":22,"column":42}},{"start":{"line":22,"column":45},"end":{"line":22,"column":53}}],"line":22}},"s":{"0":1,"1":7,"2":7,"3":3,"4":7,"5":0,"6":7,"7":1},"f":{"0":7,"1":3,"2":0},"b":{"0":[2,5],"1":[2,5]},"_coverageSchema":"1a1c01bbd47fc00a2c39e90264f33305004495a9","hash":"56473af96b2306a61c4158d8d0f6cb5d27db5b5a"}
,"/home/lmd/HelsinkiUni/Notes_backend/client/src/components/UserStatus.jsx": {"path":"/home/lmd/HelsinkiUni/Notes_backend/client/src/components/UserStatus.jsx","statementMap":{"0":{"start":{"line":3,"column":19},"end":{"line":9,"column":10}},"1":{"start":{"line":4,"column":2},"end":{"line":9,"column":10}}},"fnMap":{"0":{"name":"(anonymous_0)","decl":{"start":{"line":3,"column":19},"end":{"line":3,"column":20}},"loc":{"start":{"line":4,"column":2},"end":{"line":9,"column":10}},"line":4}},"branchMap":{"0":{"loc":{"start":{"line":4,"column":2},"end":{"line":9,"column":10}},"type":"cond-expr","locations":[{"start":{"line":5,"column":4},"end":{"line":8,"column":10}},{"start":{"line":9,"column":6},"end":{"line":9,"column":10}}],"line":4}},"s":{"0":0,"1":0},"f":{"0":0},"b":{"0":[0,0]}}
,"/home/lmd/HelsinkiUni/Notes_backend/client/src/components/VisibilityToggle.jsx": {"path":"/home/lmd/HelsinkiUni/Notes_backend/client/src/components/VisibilityToggle.jsx","statementMap":{"0":{"start":{"line":3,"column":25},"end":{"line":7,"column":1}},"1":{"start":{"line":4,"column":2},"end":{"line":6,"column":4}}},"fnMap":{"0":{"name":"(anonymous_0)","decl":{"start":{"line":3,"column":25},"end":{"line":3,"column":26}},"loc":{"start":{"line":3,"column":52},"end":{"line":7,"column":1}},"line":3}},"branchMap":{"0":{"loc":{"start":{"line":5,"column":37},"end":{"line":5,"column":66}},"type":"cond-expr","locations":[{"start":{"line":5,"column":47},"end":{"line":5,"column":58}},{"start":{"line":5,"column":61},"end":{"line":5,"column":66}}],"line":5}},"s":{"0":0,"1":0},"f":{"0":0},"b":{"0":[0,0]}}
,"/home/lmd/HelsinkiUni/Notes_backend/client/src/services/login.js": {"path":"/home/lmd/HelsinkiUni/Notes_backend/client/src/services/login.js","statementMap":{"0":{"start":{"line":2,"column":16},"end":{"line":2,"column":36}},"1":{"start":{"line":4,"column":14},"end":{"line":7,"column":1}},"2":{"start":{"line":5,"column":19},"end":{"line":5,"column":57}},"3":{"start":{"line":6,"column":2},"end":{"line":6,"column":23}}},"fnMap":{"0":{"name":"(anonymous_0)","decl":{"start":{"line":4,"column":14},"end":{"line":4,"column":15}},"loc":{"start":{"line":4,"column":37},"end":{"line":7,"column":1}},"line":4}},"branchMap":{},"s":{"0":0,"1":0,"2":0,"3":0},"f":{"0":0},"b":{}}
,"/home/lmd/HelsinkiUni/Notes_backend/client/src/services/notes.js": {"path":"/home/lmd/HelsinkiUni/Notes_backend/client/src/services/notes.js","statementMap":{"0":{"start":{"line":2,"column":16},"end":{"line":2,"column":31}},"1":{"start":{"line":4,"column":12},"end":{"line":4,"column":16}},"2":{"start":{"line":6,"column":17},"end":{"line":8,"column":1}},"3":{"start":{"line":7,"column":2},"end":{"line":7,"column":31}},"4":{"start":{"line":10,"column":15},"end":{"line":18,"column":1}},"5":{"start":{"line":11,"column":2},"end":{"line":17,"column":3}},"6":{"start":{"line":12,"column":21},"end":{"line":12,"column":45}},"7":{"start":{"line":13,"column":4},"end":{"line":13,"column":31}},"8":{"start":{"line":15,"column":4},"end":{"line":15,"column":50}},"9":{"start":{"line":16,"column":4},"end":{"line":16,"column":16}},"10":{"start":{"line":20,"column":15},"end":{"line":32,"column":1}},"11":{"start":{"line":21,"column":17},"end":{"line":23,"column":3}},"12":{"start":{"line":24,"column":2},"end":{"line":31,"column":3}},"13":{"start":{"line":25,"column":21},"end":{"line":25,"column":65}},"14":{"start":{"line":26,"column":4},"end":{"line":26,"column":26}},"15":{"start":{"line":27,"column":4},"end":{"line":27,"column":25}},"16":{"start":{"line":29,"column":4},"end":{"line":29,"column":52}},"17":{"start":{"line":30,"column":4},"end":{"line":30,"column":16}},"18":{"start":{"line":34,"column":15},"end":{"line":42,"column":1}},"19":{"start":{"line":35,"column":2},"end":{"line":41,"column":3}},"20":{"start":{"line":36,"column":21},"end":{"line":36,"column":67}},"21":{"start":{"line":37,"column":4},"end":{"line":37,"column":25}},"22":{"start":{"line":39,"column":4},"end":{"line":39,"column":52}},"23":{"start":{"line":40,"column":4},"end":{"line":40,"column":16}}},"fnMap":{"0":{"name":"(anonymous_0)","decl":{"start":{"line":6,"column":17},"end":{"line":6,"column":18}},"loc":{"start":{"line":6,"column":31},"end":{"line":8,"column":1}},"line":6},"1":{"name":"(anonymous_1)","decl":{"start":{"line":10,"column":15},"end":{"line":10,"column":16}},"loc":{"start":{"line":10,"column":27},"end":{"line":18,"column":1}},"line":10},"2":{"name":"(anonymous_2)","decl":{"start":{"line":20,"column":15},"end":{"line":20,"column":16}},"loc":{"start":{"line":20,"column":36},"end":{"line":32,"column":1}},"line":20},"3":{"name":"(anonymous_3)","decl":{"start":{"line":34,"column":15},"end":{"line":34,"column":16}},"loc":{"start":{"line":34,"column":40},"end":{"line":42,"column":1}},"line":34}},"branchMap":{},"s":{"0":1,"1":1,"2":1,"3":0,"4":1,"5":0,"6":0,"7":0,"8":0,"9":0,"10":1,"11":0,"12":0,"13":0,"14":0,"15":0,"16":0,"17":0,"18":1,"19":0,"20":0,"21":0,"22":0,"23":0},"f":{"0":0,"1":0,"2":0,"3":0},"b":{},"_coverageSchema":"1a1c01bbd47fc00a2c39e90264f33305004495a9","hash":"8eefdc372311f2a45707b70e8a0a25068bcc75b6"}
}
